2025-09-18 20:24:33 ERROR    [root] base.py:28 - 查找元素失败，失败原因为Message: 
Stacktrace:
	GetHandleVerifier [0x0x7ff7b2e9e785+22117]
	(No symbol) [0x0x7ff7b2deee00]
	GetHandleVerifier [0x0x7ff7b3124c2c+2669324]
	(No symbol) [0x0x7ff7b2c0928b]
	(No symbol) [0x0x7ff7b2c0957b]
	(No symbol) [0x0x7ff7b2c49b47]
	(No symbol) [0x0x7ff7b2c2a82f]
	(No symbol) [0x0x7ff7b2bff68d]
	(No symbol) [0x0x7ff7b2c4762f]
	(No symbol) [0x0x7ff7b2c2a553]
	(No symbol) [0x0x7ff7b2bfeb86]
	(No symbol) [0x0x7ff7b2bfde11]
	(No symbol) [0x0x7ff7b2bfe9b3]
	(No symbol) [0x0x7ff7b2cf907d]
	(No symbol) [0x0x7ff7b2d05fe8]
	GetHandleVerifier [0x0x7ff7b2f7f277+942423]
	GetHandleVerifier [0x0x7ff7b2f88221+979201]
	(No symbol) [0x0x7ff7b2dfc3b1]
	(No symbol) [0x0x7ff7b2df4d64]
	(No symbol) [0x0x7ff7b2df4eb3]
	(No symbol) [0x0x7ff7b2de7016]
	BaseThreadInitThunk [0x0x7fff2abbe8d7+23]
	RtlUserThreadStart [0x0x7fff2c348d9c+44]

2025-09-18 20:24:35 ERROR    [root] base.py:28 - 查找元素失败，失败原因为Message: 
Stacktrace:
	GetHandleVerifier [0x0x7ff7b2e9e785+22117]
	(No symbol) [0x0x7ff7b2deee00]
	GetHandleVerifier [0x0x7ff7b3124c2c+2669324]
	(No symbol) [0x0x7ff7b2c0928b]
	(No symbol) [0x0x7ff7b2c0957b]
	(No symbol) [0x0x7ff7b2c49b47]
	(No symbol) [0x0x7ff7b2c2a82f]
	(No symbol) [0x0x7ff7b2bff68d]
	(No symbol) [0x0x7ff7b2c4762f]
	(No symbol) [0x0x7ff7b2c2a553]
	(No symbol) [0x0x7ff7b2bfeb86]
	(No symbol) [0x0x7ff7b2bfde11]
	(No symbol) [0x0x7ff7b2bfe9b3]
	(No symbol) [0x0x7ff7b2cf907d]
	(No symbol) [0x0x7ff7b2d05fe8]
	GetHandleVerifier [0x0x7ff7b2f7f277+942423]
	GetHandleVerifier [0x0x7ff7b2f88221+979201]
	(No symbol) [0x0x7ff7b2dfc3b1]
	(No symbol) [0x0x7ff7b2df4d64]
	(No symbol) [0x0x7ff7b2df4eb3]
	(No symbol) [0x0x7ff7b2de7016]
	BaseThreadInitThunk [0x0x7fff2abbe8d7+23]
	RtlUserThreadStart [0x0x7fff2c348d9c+44]

2025-09-18 20:24:37 ERROR    [root] base.py:28 - 查找元素失败，失败原因为Message: 
Stacktrace:
	GetHandleVerifier [0x0x7ff7b2e9e785+22117]
	(No symbol) [0x0x7ff7b2deee00]
	GetHandleVerifier [0x0x7ff7b3124c2c+2669324]
	(No symbol) [0x0x7ff7b2c0928b]
	(No symbol) [0x0x7ff7b2c0957b]
	(No symbol) [0x0x7ff7b2c49b47]
	(No symbol) [0x0x7ff7b2c2a82f]
	(No symbol) [0x0x7ff7b2bff68d]
	(No symbol) [0x0x7ff7b2c4762f]
	(No symbol) [0x0x7ff7b2c2a553]
	(No symbol) [0x0x7ff7b2bfeb86]
	(No symbol) [0x0x7ff7b2bfde11]
	(No symbol) [0x0x7ff7b2bfe9b3]
	(No symbol) [0x0x7ff7b2cf907d]
	(No symbol) [0x0x7ff7b2d05fe8]
	GetHandleVerifier [0x0x7ff7b2f7f277+942423]
	GetHandleVerifier [0x0x7ff7b2f88221+979201]
	(No symbol) [0x0x7ff7b2dfc3b1]
	(No symbol) [0x0x7ff7b2df4d64]
	(No symbol) [0x0x7ff7b2df4eb3]
	(No symbol) [0x0x7ff7b2de7016]
	BaseThreadInitThunk [0x0x7fff2abbe8d7+23]
	RtlUserThreadStart [0x0x7fff2c348d9c+44]

2025-09-18 20:24:42 ERROR    [root] base.py:28 - 查找元素失败，失败原因为Message: 
Stacktrace:
	GetHandleVerifier [0x0x7ff7b2e9e785+22117]
	(No symbol) [0x0x7ff7b2deee00]
	GetHandleVerifier [0x0x7ff7b3124c2c+2669324]
	(No symbol) [0x0x7ff7b2c0928b]
	(No symbol) [0x0x7ff7b2c0957b]
	(No symbol) [0x0x7ff7b2c49b47]
	(No symbol) [0x0x7ff7b2c2a82f]
	(No symbol) [0x0x7ff7b2bff68d]
	(No symbol) [0x0x7ff7b2c4762f]
	(No symbol) [0x0x7ff7b2c2a553]
	(No symbol) [0x0x7ff7b2bfeb86]
	(No symbol) [0x0x7ff7b2bfde11]
	(No symbol) [0x0x7ff7b2bfe9b3]
	(No symbol) [0x0x7ff7b2cf907d]
	(No symbol) [0x0x7ff7b2d05fe8]
	GetHandleVerifier [0x0x7ff7b2f7f277+942423]
	GetHandleVerifier [0x0x7ff7b2f88221+979201]
	(No symbol) [0x0x7ff7b2dfc3b1]
	(No symbol) [0x0x7ff7b2df4d64]
	(No symbol) [0x0x7ff7b2df4eb3]
	(No symbol) [0x0x7ff7b2de7016]
	BaseThreadInitThunk [0x0x7fff2abbe8d7+23]
	RtlUserThreadStart [0x0x7fff2c348d9c+44]

2025-09-18 20:24:44 ERROR    [root] base.py:28 - 查找元素失败，失败原因为Message: 
Stacktrace:
	GetHandleVerifier [0x0x7ff7b2e9e785+22117]
	(No symbol) [0x0x7ff7b2deee00]
	GetHandleVerifier [0x0x7ff7b3124c2c+2669324]
	(No symbol) [0x0x7ff7b2c0928b]
	(No symbol) [0x0x7ff7b2c0957b]
	(No symbol) [0x0x7ff7b2c49b47]
	(No symbol) [0x0x7ff7b2c2a82f]
	(No symbol) [0x0x7ff7b2bff68d]
	(No symbol) [0x0x7ff7b2c4762f]
	(No symbol) [0x0x7ff7b2c2a553]
	(No symbol) [0x0x7ff7b2bfeb86]
	(No symbol) [0x0x7ff7b2bfde11]
	(No symbol) [0x0x7ff7b2bfe9b3]
	(No symbol) [0x0x7ff7b2cf907d]
	(No symbol) [0x0x7ff7b2d05fe8]
	GetHandleVerifier [0x0x7ff7b2f7f277+942423]
	GetHandleVerifier [0x0x7ff7b2f88221+979201]
	(No symbol) [0x0x7ff7b2dfc3b1]
	(No symbol) [0x0x7ff7b2df4d64]
	(No symbol) [0x0x7ff7b2df4eb3]
	(No symbol) [0x0x7ff7b2de7016]
	BaseThreadInitThunk [0x0x7fff2abbe8d7+23]
	RtlUserThreadStart [0x0x7fff2c348d9c+44]

2025-09-18 20:24:47 ERROR    [root] base.py:28 - 查找元素失败，失败原因为Message: 
Stacktrace:
	GetHandleVerifier [0x0x7ff7b2e9e785+22117]
	(No symbol) [0x0x7ff7b2deee00]
	GetHandleVerifier [0x0x7ff7b3124c2c+2669324]
	(No symbol) [0x0x7ff7b2c0928b]
	(No symbol) [0x0x7ff7b2c0957b]
	(No symbol) [0x0x7ff7b2c49b47]
	(No symbol) [0x0x7ff7b2c2a82f]
	(No symbol) [0x0x7ff7b2bff68d]
	(No symbol) [0x0x7ff7b2c4762f]
	(No symbol) [0x0x7ff7b2c2a553]
	(No symbol) [0x0x7ff7b2bfeb86]
	(No symbol) [0x0x7ff7b2bfde11]
	(No symbol) [0x0x7ff7b2bfe9b3]
	(No symbol) [0x0x7ff7b2cf907d]
	(No symbol) [0x0x7ff7b2d05fe8]
	GetHandleVerifier [0x0x7ff7b2f7f277+942423]
	GetHandleVerifier [0x0x7ff7b2f88221+979201]
	(No symbol) [0x0x7ff7b2dfc3b1]
	(No symbol) [0x0x7ff7b2df4d64]
	(No symbol) [0x0x7ff7b2df4eb3]
	(No symbol) [0x0x7ff7b2de7016]
	BaseThreadInitThunk [0x0x7fff2abbe8d7+23]
	RtlUserThreadStart [0x0x7fff2c348d9c+44]

2025-09-18 20:24:49 ERROR    [root] base.py:28 - 查找元素失败，失败原因为Message: 
Stacktrace:
	GetHandleVerifier [0x0x7ff7b2e9e785+22117]
	(No symbol) [0x0x7ff7b2deee00]
	GetHandleVerifier [0x0x7ff7b3124c2c+2669324]
	(No symbol) [0x0x7ff7b2c0928b]
	(No symbol) [0x0x7ff7b2c0957b]
	(No symbol) [0x0x7ff7b2c49b47]
	(No symbol) [0x0x7ff7b2c2a82f]
	(No symbol) [0x0x7ff7b2bff68d]
	(No symbol) [0x0x7ff7b2c4762f]
	(No symbol) [0x0x7ff7b2c2a553]
	(No symbol) [0x0x7ff7b2bfeb86]
	(No symbol) [0x0x7ff7b2bfde11]
	(No symbol) [0x0x7ff7b2bfe9b3]
	(No symbol) [0x0x7ff7b2cf907d]
	(No symbol) [0x0x7ff7b2d05fe8]
	GetHandleVerifier [0x0x7ff7b2f7f277+942423]
	GetHandleVerifier [0x0x7ff7b2f88221+979201]
	(No symbol) [0x0x7ff7b2dfc3b1]
	(No symbol) [0x0x7ff7b2df4d64]
	(No symbol) [0x0x7ff7b2df4eb3]
	(No symbol) [0x0x7ff7b2de7016]
	BaseThreadInitThunk [0x0x7fff2abbe8d7+23]
	RtlUserThreadStart [0x0x7fff2c348d9c+44]

2025-09-18 20:24:52 ERROR    [root] base.py:28 - 查找元素失败，失败原因为Message: 
Stacktrace:
	GetHandleVerifier [0x0x7ff7b2e9e785+22117]
	(No symbol) [0x0x7ff7b2deee00]
	GetHandleVerifier [0x0x7ff7b3124c2c+2669324]
	(No symbol) [0x0x7ff7b2c0928b]
	(No symbol) [0x0x7ff7b2c0957b]
	(No symbol) [0x0x7ff7b2c49b47]
	(No symbol) [0x0x7ff7b2c2a82f]
	(No symbol) [0x0x7ff7b2bff68d]
	(No symbol) [0x0x7ff7b2c4762f]
	(No symbol) [0x0x7ff7b2c2a553]
	(No symbol) [0x0x7ff7b2bfeb86]
	(No symbol) [0x0x7ff7b2bfde11]
	(No symbol) [0x0x7ff7b2bfe9b3]
	(No symbol) [0x0x7ff7b2cf907d]
	(No symbol) [0x0x7ff7b2d05fe8]
	GetHandleVerifier [0x0x7ff7b2f7f277+942423]
	GetHandleVerifier [0x0x7ff7b2f88221+979201]
	(No symbol) [0x0x7ff7b2dfc3b1]
	(No symbol) [0x0x7ff7b2df4d64]
	(No symbol) [0x0x7ff7b2df4eb3]
	(No symbol) [0x0x7ff7b2de7016]
	BaseThreadInitThunk [0x0x7fff2abbe8d7+23]
	RtlUserThreadStart [0x0x7fff2c348d9c+44]

2025-09-18 20:24:54 ERROR    [root] base.py:28 - 查找元素失败，失败原因为Message: 
Stacktrace:
	GetHandleVerifier [0x0x7ff7b2e9e785+22117]
	(No symbol) [0x0x7ff7b2deee00]
	GetHandleVerifier [0x0x7ff7b3124c2c+2669324]
	(No symbol) [0x0x7ff7b2c0928b]
	(No symbol) [0x0x7ff7b2c0957b]
	(No symbol) [0x0x7ff7b2c49b47]
	(No symbol) [0x0x7ff7b2c2a82f]
	(No symbol) [0x0x7ff7b2bff68d]
	(No symbol) [0x0x7ff7b2c4762f]
	(No symbol) [0x0x7ff7b2c2a553]
	(No symbol) [0x0x7ff7b2bfeb86]
	(No symbol) [0x0x7ff7b2bfde11]
	(No symbol) [0x0x7ff7b2bfe9b3]
	(No symbol) [0x0x7ff7b2cf907d]
	(No symbol) [0x0x7ff7b2d05fe8]
	GetHandleVerifier [0x0x7ff7b2f7f277+942423]
	GetHandleVerifier [0x0x7ff7b2f88221+979201]
	(No symbol) [0x0x7ff7b2dfc3b1]
	(No symbol) [0x0x7ff7b2df4d64]
	(No symbol) [0x0x7ff7b2df4eb3]
	(No symbol) [0x0x7ff7b2de7016]
	BaseThreadInitThunk [0x0x7fff2abbe8d7+23]
	RtlUserThreadStart [0x0x7fff2c348d9c+44]

2025-09-18 20:24:57 ERROR    [root] base.py:28 - 查找元素失败，失败原因为Message: 
Stacktrace:
	GetHandleVerifier [0x0x7ff7b2e9e785+22117]
	(No symbol) [0x0x7ff7b2deee00]
	GetHandleVerifier [0x0x7ff7b3124c2c+2669324]
	(No symbol) [0x0x7ff7b2c0928b]
	(No symbol) [0x0x7ff7b2c0957b]
	(No symbol) [0x0x7ff7b2c49b47]
	(No symbol) [0x0x7ff7b2c2a82f]
	(No symbol) [0x0x7ff7b2bff68d]
	(No symbol) [0x0x7ff7b2c4762f]
	(No symbol) [0x0x7ff7b2c2a553]
	(No symbol) [0x0x7ff7b2bfeb86]
	(No symbol) [0x0x7ff7b2bfde11]
	(No symbol) [0x0x7ff7b2bfe9b3]
	(No symbol) [0x0x7ff7b2cf907d]
	(No symbol) [0x0x7ff7b2d05fe8]
	GetHandleVerifier [0x0x7ff7b2f7f277+942423]
	GetHandleVerifier [0x0x7ff7b2f88221+979201]
	(No symbol) [0x0x7ff7b2dfc3b1]
	(No symbol) [0x0x7ff7b2df4d64]
	(No symbol) [0x0x7ff7b2df4eb3]
	(No symbol) [0x0x7ff7b2de7016]
	BaseThreadInitThunk [0x0x7fff2abbe8d7+23]
	RtlUserThreadStart [0x0x7fff2c348d9c+44]

2025-09-18 20:24:59 ERROR    [root] base.py:28 - 查找元素失败，失败原因为Message: 
Stacktrace:
	GetHandleVerifier [0x0x7ff7b2e9e785+22117]
	(No symbol) [0x0x7ff7b2deee00]
	GetHandleVerifier [0x0x7ff7b3124c2c+2669324]
	(No symbol) [0x0x7ff7b2c0928b]
	(No symbol) [0x0x7ff7b2c0957b]
	(No symbol) [0x0x7ff7b2c49b47]
	(No symbol) [0x0x7ff7b2c2a82f]
	(No symbol) [0x0x7ff7b2bff68d]
	(No symbol) [0x0x7ff7b2c4762f]
	(No symbol) [0x0x7ff7b2c2a553]
	(No symbol) [0x0x7ff7b2bfeb86]
	(No symbol) [0x0x7ff7b2bfde11]
	(No symbol) [0x0x7ff7b2bfe9b3]
	(No symbol) [0x0x7ff7b2cf907d]
	(No symbol) [0x0x7ff7b2d05fe8]
	GetHandleVerifier [0x0x7ff7b2f7f277+942423]
	GetHandleVerifier [0x0x7ff7b2f88221+979201]
	(No symbol) [0x0x7ff7b2dfc3b1]
	(No symbol) [0x0x7ff7b2df4d64]
	(No symbol) [0x0x7ff7b2df4eb3]
	(No symbol) [0x0x7ff7b2de7016]
	BaseThreadInitThunk [0x0x7fff2abbe8d7+23]
	RtlUserThreadStart [0x0x7fff2c348d9c+44]

2025-09-18 20:25:01 ERROR    [root] base.py:28 - 查找元素失败，失败原因为Message: 
Stacktrace:
	GetHandleVerifier [0x0x7ff7b2e9e785+22117]
	(No symbol) [0x0x7ff7b2deee00]
	GetHandleVerifier [0x0x7ff7b3124c2c+2669324]
	(No symbol) [0x0x7ff7b2c0928b]
	(No symbol) [0x0x7ff7b2c0957b]
	(No symbol) [0x0x7ff7b2c49b47]
	(No symbol) [0x0x7ff7b2c2a82f]
	(No symbol) [0x0x7ff7b2bff68d]
	(No symbol) [0x0x7ff7b2c4762f]
	(No symbol) [0x0x7ff7b2c2a553]
	(No symbol) [0x0x7ff7b2bfeb86]
	(No symbol) [0x0x7ff7b2bfde11]
	(No symbol) [0x0x7ff7b2bfe9b3]
	(No symbol) [0x0x7ff7b2cf907d]
	(No symbol) [0x0x7ff7b2d05fe8]
	GetHandleVerifier [0x0x7ff7b2f7f277+942423]
	GetHandleVerifier [0x0x7ff7b2f88221+979201]
	(No symbol) [0x0x7ff7b2dfc3b1]
	(No symbol) [0x0x7ff7b2df4d64]
	(No symbol) [0x0x7ff7b2df4eb3]
	(No symbol) [0x0x7ff7b2de7016]
	BaseThreadInitThunk [0x0x7fff2abbe8d7+23]
	RtlUserThreadStart [0x0x7fff2c348d9c+44]

2025-09-18 20:25:04 ERROR    [root] base.py:28 - 查找元素失败，失败原因为Message: 
Stacktrace:
	GetHandleVerifier [0x0x7ff7b2e9e785+22117]
	(No symbol) [0x0x7ff7b2deee00]
	GetHandleVerifier [0x0x7ff7b3124c2c+2669324]
	(No symbol) [0x0x7ff7b2c0928b]
	(No symbol) [0x0x7ff7b2c0957b]
	(No symbol) [0x0x7ff7b2c49b47]
	(No symbol) [0x0x7ff7b2c2a82f]
	(No symbol) [0x0x7ff7b2bff68d]
	(No symbol) [0x0x7ff7b2c4762f]
	(No symbol) [0x0x7ff7b2c2a553]
	(No symbol) [0x0x7ff7b2bfeb86]
	(No symbol) [0x0x7ff7b2bfde11]
	(No symbol) [0x0x7ff7b2bfe9b3]
	(No symbol) [0x0x7ff7b2cf907d]
	(No symbol) [0x0x7ff7b2d05fe8]
	GetHandleVerifier [0x0x7ff7b2f7f277+942423]
	GetHandleVerifier [0x0x7ff7b2f88221+979201]
	(No symbol) [0x0x7ff7b2dfc3b1]
	(No symbol) [0x0x7ff7b2df4d64]
	(No symbol) [0x0x7ff7b2df4eb3]
	(No symbol) [0x0x7ff7b2de7016]
	BaseThreadInitThunk [0x0x7fff2abbe8d7+23]
	RtlUserThreadStart [0x0x7fff2c348d9c+44]

2025-09-18 20:25:06 ERROR    [root] base.py:28 - 查找元素失败，失败原因为Message: 
Stacktrace:
	GetHandleVerifier [0x0x7ff7b2e9e785+22117]
	(No symbol) [0x0x7ff7b2deee00]
	GetHandleVerifier [0x0x7ff7b3124c2c+2669324]
	(No symbol) [0x0x7ff7b2c0928b]
	(No symbol) [0x0x7ff7b2c0957b]
	(No symbol) [0x0x7ff7b2c49b47]
	(No symbol) [0x0x7ff7b2c2a82f]
	(No symbol) [0x0x7ff7b2bff68d]
	(No symbol) [0x0x7ff7b2c4762f]
	(No symbol) [0x0x7ff7b2c2a553]
	(No symbol) [0x0x7ff7b2bfeb86]
	(No symbol) [0x0x7ff7b2bfde11]
	(No symbol) [0x0x7ff7b2bfe9b3]
	(No symbol) [0x0x7ff7b2cf907d]
	(No symbol) [0x0x7ff7b2d05fe8]
	GetHandleVerifier [0x0x7ff7b2f7f277+942423]
	GetHandleVerifier [0x0x7ff7b2f88221+979201]
	(No symbol) [0x0x7ff7b2dfc3b1]
	(No symbol) [0x0x7ff7b2df4d64]
	(No symbol) [0x0x7ff7b2df4eb3]
	(No symbol) [0x0x7ff7b2de7016]
	BaseThreadInitThunk [0x0x7fff2abbe8d7+23]
	RtlUserThreadStart [0x0x7fff2c348d9c+44]

2025-09-18 20:25:10 ERROR    [root] base.py:28 - 查找元素失败，失败原因为Message: 
Stacktrace:
	GetHandleVerifier [0x0x7ff7b2e9e785+22117]
	(No symbol) [0x0x7ff7b2deee00]
	GetHandleVerifier [0x0x7ff7b3124c2c+2669324]
	(No symbol) [0x0x7ff7b2c0928b]
	(No symbol) [0x0x7ff7b2c0957b]
	(No symbol) [0x0x7ff7b2c49b47]
	(No symbol) [0x0x7ff7b2c2a82f]
	(No symbol) [0x0x7ff7b2bff68d]
	(No symbol) [0x0x7ff7b2c4762f]
	(No symbol) [0x0x7ff7b2c2a553]
	(No symbol) [0x0x7ff7b2bfeb86]
	(No symbol) [0x0x7ff7b2bfde11]
	(No symbol) [0x0x7ff7b2bfe9b3]
	(No symbol) [0x0x7ff7b2cf907d]
	(No symbol) [0x0x7ff7b2d05fe8]
	GetHandleVerifier [0x0x7ff7b2f7f277+942423]
	GetHandleVerifier [0x0x7ff7b2f88221+979201]
	(No symbol) [0x0x7ff7b2dfc3b1]
	(No symbol) [0x0x7ff7b2df4d64]
	(No symbol) [0x0x7ff7b2df4eb3]
	(No symbol) [0x0x7ff7b2de7016]
	BaseThreadInitThunk [0x0x7fff2abbe8d7+23]
	RtlUserThreadStart [0x0x7fff2c348d9c+44]

2025-09-18 20:25:12 ERROR    [root] base.py:28 - 查找元素失败，失败原因为Message: 
Stacktrace:
	GetHandleVerifier [0x0x7ff7b2e9e785+22117]
	(No symbol) [0x0x7ff7b2deee00]
	GetHandleVerifier [0x0x7ff7b3124c2c+2669324]
	(No symbol) [0x0x7ff7b2c0928b]
	(No symbol) [0x0x7ff7b2c0957b]
	(No symbol) [0x0x7ff7b2c49b47]
	(No symbol) [0x0x7ff7b2c2a82f]
	(No symbol) [0x0x7ff7b2bff68d]
	(No symbol) [0x0x7ff7b2c4762f]
	(No symbol) [0x0x7ff7b2c2a553]
	(No symbol) [0x0x7ff7b2bfeb86]
	(No symbol) [0x0x7ff7b2bfde11]
	(No symbol) [0x0x7ff7b2bfe9b3]
	(No symbol) [0x0x7ff7b2cf907d]
	(No symbol) [0x0x7ff7b2d05fe8]
	GetHandleVerifier [0x0x7ff7b2f7f277+942423]
	GetHandleVerifier [0x0x7ff7b2f88221+979201]
	(No symbol) [0x0x7ff7b2dfc3b1]
	(No symbol) [0x0x7ff7b2df4d64]
	(No symbol) [0x0x7ff7b2df4eb3]
	(No symbol) [0x0x7ff7b2de7016]
	BaseThreadInitThunk [0x0x7fff2abbe8d7+23]
	RtlUserThreadStart [0x0x7fff2c348d9c+44]

2025-09-18 20:25:16 ERROR    [root] base.py:28 - 查找元素失败，失败原因为Message: 
Stacktrace:
	GetHandleVerifier [0x0x7ff7b2e9e785+22117]
	(No symbol) [0x0x7ff7b2deee00]
	GetHandleVerifier [0x0x7ff7b3124c2c+2669324]
	(No symbol) [0x0x7ff7b2c0928b]
	(No symbol) [0x0x7ff7b2c0957b]
	(No symbol) [0x0x7ff7b2c49b47]
	(No symbol) [0x0x7ff7b2c2a82f]
	(No symbol) [0x0x7ff7b2bff68d]
	(No symbol) [0x0x7ff7b2c4762f]
	(No symbol) [0x0x7ff7b2c2a553]
	(No symbol) [0x0x7ff7b2bfeb86]
	(No symbol) [0x0x7ff7b2bfde11]
	(No symbol) [0x0x7ff7b2bfe9b3]
	(No symbol) [0x0x7ff7b2cf907d]
	(No symbol) [0x0x7ff7b2d05fe8]
	GetHandleVerifier [0x0x7ff7b2f7f277+942423]
	GetHandleVerifier [0x0x7ff7b2f88221+979201]
	(No symbol) [0x0x7ff7b2dfc3b1]
	(No symbol) [0x0x7ff7b2df4d64]
	(No symbol) [0x0x7ff7b2df4eb3]
	(No symbol) [0x0x7ff7b2de7016]
	BaseThreadInitThunk [0x0x7fff2abbe8d7+23]
	RtlUserThreadStart [0x0x7fff2c348d9c+44]

2025-09-18 20:25:18 ERROR    [root] base.py:28 - 查找元素失败，失败原因为Message: 
Stacktrace:
	GetHandleVerifier [0x0x7ff7b2e9e785+22117]
	(No symbol) [0x0x7ff7b2deee00]
	GetHandleVerifier [0x0x7ff7b3124c2c+2669324]
	(No symbol) [0x0x7ff7b2c0928b]
	(No symbol) [0x0x7ff7b2c0957b]
	(No symbol) [0x0x7ff7b2c49b47]
	(No symbol) [0x0x7ff7b2c2a82f]
	(No symbol) [0x0x7ff7b2bff68d]
	(No symbol) [0x0x7ff7b2c4762f]
	(No symbol) [0x0x7ff7b2c2a553]
	(No symbol) [0x0x7ff7b2bfeb86]
	(No symbol) [0x0x7ff7b2bfde11]
	(No symbol) [0x0x7ff7b2bfe9b3]
	(No symbol) [0x0x7ff7b2cf907d]
	(No symbol) [0x0x7ff7b2d05fe8]
	GetHandleVerifier [0x0x7ff7b2f7f277+942423]
	GetHandleVerifier [0x0x7ff7b2f88221+979201]
	(No symbol) [0x0x7ff7b2dfc3b1]
	(No symbol) [0x0x7ff7b2df4d64]
	(No symbol) [0x0x7ff7b2df4eb3]
	(No symbol) [0x0x7ff7b2de7016]
	BaseThreadInitThunk [0x0x7fff2abbe8d7+23]
	RtlUserThreadStart [0x0x7fff2c348d9c+44]

2025-09-18 20:25:20 ERROR    [root] base.py:28 - 查找元素失败，失败原因为Message: 
Stacktrace:
	GetHandleVerifier [0x0x7ff7b2e9e785+22117]
	(No symbol) [0x0x7ff7b2deee00]
	GetHandleVerifier [0x0x7ff7b3124c2c+2669324]
	(No symbol) [0x0x7ff7b2c0928b]
	(No symbol) [0x0x7ff7b2c0957b]
	(No symbol) [0x0x7ff7b2c49b47]
	(No symbol) [0x0x7ff7b2c2a82f]
	(No symbol) [0x0x7ff7b2bff68d]
	(No symbol) [0x0x7ff7b2c4762f]
	(No symbol) [0x0x7ff7b2c2a553]
	(No symbol) [0x0x7ff7b2bfeb86]
	(No symbol) [0x0x7ff7b2bfde11]
	(No symbol) [0x0x7ff7b2bfe9b3]
	(No symbol) [0x0x7ff7b2cf907d]
	(No symbol) [0x0x7ff7b2d05fe8]
	GetHandleVerifier [0x0x7ff7b2f7f277+942423]
	GetHandleVerifier [0x0x7ff7b2f88221+979201]
	(No symbol) [0x0x7ff7b2dfc3b1]
	(No symbol) [0x0x7ff7b2df4d64]
	(No symbol) [0x0x7ff7b2df4eb3]
	(No symbol) [0x0x7ff7b2de7016]
	BaseThreadInitThunk [0x0x7fff2abbe8d7+23]
	RtlUserThreadStart [0x0x7fff2c348d9c+44]

2025-09-18 20:25:24 ERROR    [root] base.py:28 - 查找元素失败，失败原因为Message: 
Stacktrace:
	GetHandleVerifier [0x0x7ff7b2e9e785+22117]
	(No symbol) [0x0x7ff7b2deee00]
	GetHandleVerifier [0x0x7ff7b3124c2c+2669324]
	(No symbol) [0x0x7ff7b2c0928b]
	(No symbol) [0x0x7ff7b2c0957b]
	(No symbol) [0x0x7ff7b2c49b47]
	(No symbol) [0x0x7ff7b2c2a82f]
	(No symbol) [0x0x7ff7b2bff68d]
	(No symbol) [0x0x7ff7b2c4762f]
	(No symbol) [0x0x7ff7b2c2a553]
	(No symbol) [0x0x7ff7b2bfeb86]
	(No symbol) [0x0x7ff7b2bfde11]
	(No symbol) [0x0x7ff7b2bfe9b3]
	(No symbol) [0x0x7ff7b2cf907d]
	(No symbol) [0x0x7ff7b2d05fe8]
	GetHandleVerifier [0x0x7ff7b2f7f277+942423]
	GetHandleVerifier [0x0x7ff7b2f88221+979201]
	(No symbol) [0x0x7ff7b2dfc3b1]
	(No symbol) [0x0x7ff7b2df4d64]
	(No symbol) [0x0x7ff7b2df4eb3]
	(No symbol) [0x0x7ff7b2de7016]
	BaseThreadInitThunk [0x0x7fff2abbe8d7+23]
	RtlUserThreadStart [0x0x7fff2c348d9c+44]

2025-09-18 20:25:26 ERROR    [root] base.py:28 - 查找元素失败，失败原因为Message: 
Stacktrace:
	GetHandleVerifier [0x0x7ff7b2e9e785+22117]
	(No symbol) [0x0x7ff7b2deee00]
	GetHandleVerifier [0x0x7ff7b3124c2c+2669324]
	(No symbol) [0x0x7ff7b2c0928b]
	(No symbol) [0x0x7ff7b2c0957b]
	(No symbol) [0x0x7ff7b2c49b47]
	(No symbol) [0x0x7ff7b2c2a82f]
	(No symbol) [0x0x7ff7b2bff68d]
	(No symbol) [0x0x7ff7b2c4762f]
	(No symbol) [0x0x7ff7b2c2a553]
	(No symbol) [0x0x7ff7b2bfeb86]
	(No symbol) [0x0x7ff7b2bfde11]
	(No symbol) [0x0x7ff7b2bfe9b3]
	(No symbol) [0x0x7ff7b2cf907d]
	(No symbol) [0x0x7ff7b2d05fe8]
	GetHandleVerifier [0x0x7ff7b2f7f277+942423]
	GetHandleVerifier [0x0x7ff7b2f88221+979201]
	(No symbol) [0x0x7ff7b2dfc3b1]
	(No symbol) [0x0x7ff7b2df4d64]
	(No symbol) [0x0x7ff7b2df4eb3]
	(No symbol) [0x0x7ff7b2de7016]
	BaseThreadInitThunk [0x0x7fff2abbe8d7+23]
	RtlUserThreadStart [0x0x7fff2c348d9c+44]

